SF:./app/models/aliquot.rb
DA:5,1
DA:6,1
DA:7,1
DA:9,1
DA:10,122
DA:13,1
DA:14,1
DA:18,1
end_of_record
SF:./app/models/application_record.rb
DA:5,1
DA:6,1
end_of_record
SF:./app/models/associated_with_roles.rb
DA:4,1
DA:5,1
DA:6,1
DA:7,1
DA:9,1
DA:10,1
DA:11,1
DA:12,1
DA:14,2
DA:15,1
DA:16,1
DA:17,1
DA:21,1
DA:22,39
DA:25,1
DA:26,1
DA:27,307
DA:29,1
DA:31,1
DA:32,32
DA:34,1
DA:36,1
DA:37,550
DA:40,1
DA:41,275
DA:43,275
DA:45,28
DA:46,44
DA:51,1
DA:54,1
DA:55,1
DA:57,1
DA:58,1
DA:61,1
DA:62,1
DA:63,1
DA:64,1
DA:66,551
end_of_record
SF:./app/models/bmap_flowcell.rb
DA:3,1
DA:4,1
DA:5,1
DA:7,1
DA:8,1
DA:10,1
DA:11,6
DA:14,1
end_of_record
SF:./app/models/eseq_flowcell.rb
DA:6,1
DA:7,1
DA:8,1
DA:10,1
DA:15,1
DA:16,78
DA:19,1
DA:20,1
DA:24,1
DA:31,1
DA:32,1
DA:33,1
DA:35,1
DA:36,1
DA:39,1
DA:45,1
DA:74,1
end_of_record
SF:./app/models/flgen_plate.rb
DA:1,1
DA:2,1
DA:3,1
DA:5,1
DA:6,1
DA:8,1
DA:10,1
DA:11,1
DA:12,1
DA:15,1
end_of_record
SF:./app/models/flowcell.rb
DA:1,1
DA:2,1
DA:3,1
DA:5,1
DA:7,1
DA:8,1
DA:10,1
DA:12,1
DA:13,1
DA:14,1
DA:19,1
DA:20,292
DA:23,1
DA:24,1
DA:27,1
DA:31,1
end_of_record
SF:./app/models/lighthouse_sample.rb
DA:3,1
end_of_record
SF:./app/models/long_read_qc_result.rb
DA:3,1
DA:4,1
DA:5,1
end_of_record
SF:./app/models/oseq_flowcell.rb
DA:1,1
DA:2,1
DA:3,1
DA:5,1
DA:6,54
DA:9,1
DA:10,1
DA:12,1
DA:13,1
DA:17,1
end_of_record
SF:./app/models/oseq_flowcell_run.rb
DA:4,1
DA:5,1
DA:7,1
DA:8,1
DA:10,1
DA:11,34
DA:14,1
DA:15,1
DA:17,1
DA:18,1
DA:22,1
DA:23,1
DA:27,1
end_of_record
SF:./app/models/pac_bio_run.rb
DA:2,1
DA:3,1
DA:4,1
DA:6,1
DA:7,1
DA:9,1
DA:10,1
DA:14,1
DA:15,1
DA:19,1
DA:22,1
end_of_record
SF:./app/models/qc_result.rb
DA:2,1
DA:3,1
DA:4,1
DA:6,1
DA:8,1
DA:9,1
DA:10,1
DA:13,1
end_of_record
SF:./app/models/sample.rb
DA:3,1
DA:4,1
DA:5,1
DA:9,1
DA:16,1
DA:20,1
DA:27,1
DA:29,1
DA:31,1
DA:32,316
DA:33,316
DA:34,312
DA:36,4
DA:37,4
DA:38,4
DA:43,1
DA:44,1
DA:52,1
end_of_record
SF:./app/models/sample_compound_component.rb
DA:7,1
DA:8,1
DA:10,1
DA:16,1
DA:23,1
DA:24,1
DA:27,1
DA:28,1
end_of_record
SF:./app/models/samples_extraction_activity.rb
DA:5,1
DA:6,1
DA:7,1
DA:9,1
DA:11,1
DA:12,32
DA:15,1
DA:17,1
DA:18,1
DA:20,1
DA:24,1
end_of_record
SF:./app/models/stock_resource.rb
DA:2,1
DA:3,1
DA:4,1
DA:6,1
DA:7,1
DA:9,1
DA:11,1
DA:12,1
DA:19,1
DA:21,1
end_of_record
SF:./app/models/study.rb
DA:2,1
DA:3,1
DA:4,1
DA:5,1
DA:7,1
DA:8,1
DA:9,1
DA:11,1
DA:12,1
DA:17,1
DA:23,1
end_of_record
SF:./app/warren/subscriber/multi_lims_warehouse_consumer.rb
DA:3,1
DA:4,1
DA:5,1
DA:85,1
DA:102,1
DA:106,4
DA:110,2
DA:119,0
end_of_record
SF:./config/application.rb
DA:1,1
DA:3,1
DA:4,1
DA:6,1
DA:8,1
DA:13,1
DA:14,1
DA:15,1
DA:16,1
DA:17,1
DA:18,1
DA:19,1
DA:20,1
DA:26,1
end_of_record
SF:./config/boot.rb
DA:1,1
DA:3,1
DA:4,1
end_of_record
SF:./config/environment.rb
DA:2,1
DA:5,1
end_of_record
SF:./config/environments/test.rb
DA:1,1
DA:10,1
DA:15,1
DA:18,1
DA:19,1
DA:39,1
DA:48,1
DA:54,1
DA:57,1
DA:59,1
DA:60,1
end_of_record
SF:./config/initializers/autoloading.rb
DA:6,1
DA:7,1
DA:8,1
DA:11,1
end_of_record
SF:./config/initializers/backtrace_silencers.rb

end_of_record
SF:./config/initializers/cookies_serializer.rb
DA:7,1
end_of_record
SF:./config/initializers/filter_parameter_logging.rb
DA:6,1
end_of_record
SF:./config/initializers/inflections.rb
DA:1,1
DA:2,1
end_of_record
SF:./config/initializers/session_store.rb
DA:3,1
end_of_record
SF:./config/initializers/wrap_parameters.rb
DA:7,1
DA:8,1
end_of_record
SF:./lib/composite_resource_tools.rb
DA:1,1
DA:2,1
DA:4,1
DA:6,1
DA:7,23
DA:10,1
DA:11,1
DA:13,1
DA:14,145
DA:15,145
DA:17,115
DA:19,115
DA:20,115
DA:22,115
DA:24,115
DA:25,226
DA:29,96
DA:31,94
DA:32,8
DA:33,8
DA:35,94
DA:41,1
DA:42,3
DA:45,1
DA:46,797
DA:49,1
DA:50,2
end_of_record
SF:./lib/nested_resource_tools.rb
DA:1,1
DA:2,1
DA:4,1
DA:5,15
DA:8,1
DA:9,1
DA:10,132
DA:11,132
DA:13,86
DA:15,86
DA:16,86
DA:18,86
DA:20,86
DA:21,214
DA:22,71
DA:23,71
DA:26,1
end_of_record
SF:./lib/payload.rb
DA:3,1
DA:4,1
DA:6,1
DA:7,1
DA:9,17
DA:11,2
DA:13,15
DA:14,14
DA:15,14
DA:17,12
DA:21,1
DA:23,1
DA:25,1
DA:26,12
DA:27,12
DA:28,12
DA:31,1
DA:32,3
DA:35,1
DA:37,1
DA:38,12
DA:39,12
DA:40,0
DA:43,12
end_of_record
SF:./lib/resource_tools.rb
DA:1,1
DA:2,1
DA:4,1
DA:5,1
DA:6,1
DA:7,1
DA:9,1
DA:13,14
DA:18,14
DA:20,400
DA:21,537
DA:24,400
DA:26,14
DA:27,446
DA:31,1
DA:32,0
DA:35,1
DA:36,0
DA:40,1
DA:41,0
DA:45,1
DA:46,0
DA:47,0
DA:48,0
DA:49,0
DA:50,0
DA:54,1
DA:56,1
DA:57,45
DA:58,45
DA:59,45
DA:62,1
DA:64,1
DA:65,915
end_of_record
SF:./lib/resource_tools/association.rb
DA:1,1
DA:2,1
DA:4,1
DA:5,1
DA:6,18
end_of_record
SF:./lib/resource_tools/core_extensions.rb
DA:1,1
DA:2,1
DA:3,1
DA:5,1
DA:9,1
DA:10,279
DA:12,24
DA:17,1
DA:20,1
DA:21,50
DA:22,52
DA:27,1
DA:28,47
DA:29,2156
DA:33,1
DA:34,1
DA:35,2
DA:39,1
DA:40,1
DA:41,4
DA:43,3
DA:46,1
DA:47,7
DA:48,4
DA:50,1
DA:55,1
DA:56,1
DA:58,1
DA:59,1
DA:62,1
DA:63,1
DA:64,15
DA:68,1
DA:69,57
DA:71,11
DA:75,1
DA:76,1
DA:77,243
DA:81,1
DA:82,1
DA:83,95
DA:89,1
DA:90,1
DA:93,1
DA:94,1
DA:97,1
DA:98,1
DA:101,1
DA:102,1
DA:105,1
DA:106,1
DA:109,1
DA:110,1
DA:111,1
DA:114,1
DA:115,1
DA:118,1
DA:119,1
end_of_record
SF:./lib/resource_tools/json.rb
DA:31,1
DA:32,1
DA:34,1
DA:44,1
DA:45,394
DA:46,394
DA:50,1
DA:51,610
DA:52,1220
DA:54,1
DA:63,1
DA:64,1
DA:65,1
DA:67,1
DA:68,1
DA:70,1
DA:71,1
DA:73,1
DA:74,1
DA:76,1
DA:77,1
DA:79,1
DA:80,1
DA:82,1
DA:85,1
DA:86,0
DA:89,1
DA:90,14
DA:91,14
DA:92,14
DA:93,28
DA:96,1
DA:97,18
DA:100,1
DA:101,1
DA:105,1
DA:106,12
DA:111,1
DA:112,207463
DA:115,1
DA:117,944
DA:119,456
DA:120,456
DA:121,456
DA:122,456
DA:123,526
DA:128,1
DA:129,456
DA:130,536
DA:132,439
DA:133,526
DA:137,1
DA:139,1
DA:140,1
DA:143,1
DA:144,1
DA:145,1
DA:151,1
DA:152,4991
DA:153,4991
DA:154,292
DA:155,292
DA:158,4991
DA:159,50958
DA:163,1
DA:164,4991
DA:165,276
DA:168,1
DA:170,1
DA:171,171
DA:174,1
DA:176,1
end_of_record
SF:./lib/resource_tools/timestamps.rb
DA:1,1
DA:2,1
DA:4,1
DA:6,929
DA:8,14
DA:9,14
DA:12,1
DA:13,1
DA:14,637
DA:17,1
DA:18,637
end_of_record
SF:./lib/singular_resource_tools.rb
DA:1,1
DA:2,1
DA:4,1
DA:5,45
DA:8,1
DA:9,1
DA:10,125
DA:11,124
DA:12,84
DA:13,84
DA:14,84
DA:17,1
end_of_record
SF:./lib/singular_resource_versioned_tools.rb
DA:7,1
DA:8,1
DA:10,1
DA:20,1
DA:21,27
DA:28,1
DA:29,27
DA:33,1
DA:40,1
DA:41,61
DA:43,61
DA:45,61
DA:47,35
DA:49,1
end_of_record
SF:./lib/tasks/remove_duplicate_pac_bio_runs.rake
DA:4,1
DA:5,1
DA:6,1
DA:188,1
DA:189,0
DA:190,0
DA:191,0
DA:192,0
DA:193,0
end_of_record
SF:./lib/tasks/update_id_sample_lims.rake
DA:9,1
DA:22,1
DA:24,1
DA:25,4
DA:27,8
DA:29,5
DA:30,5
DA:33,5
DA:35,2
end_of_record
SF:./lib/tasks/update_pac_bio_run_name.rake
DA:3,1
DA:4,1
DA:6,1
DA:7,0
DA:8,0
DA:10,0
DA:11,0
end_of_record
SF:./lib/tasks/update_pac_bio_run_sequencescape_plate_numbers.rake
DA:5,1
DA:6,1
DA:8,1
DA:9,0
DA:10,0
DA:11,0
end_of_record
SF:./spec/factories.rb
DA:3,1
DA:4,1
DA:5,2
DA:6,2
DA:7,2
DA:8,2
DA:9,2
DA:10,2
DA:11,2
DA:12,2
DA:13,2
DA:16,1
DA:17,253
DA:18,281
DA:19,1
DA:20,293
DA:22,1
DA:23,2
DA:27,1
DA:28,225
DA:29,226
DA:30,225
DA:31,226
DA:33,1
DA:34,2
DA:35,1
DA:39,1
DA:40,2
DA:41,2
DA:42,2
DA:43,2
DA:44,2
DA:45,1
DA:46,2
DA:47,2
DA:48,2
DA:51,1
DA:52,15
DA:53,14
DA:54,16
DA:55,14
DA:56,16
DA:57,16
DA:58,14
DA:59,16
DA:60,16
DA:61,16
DA:62,16
DA:63,16
DA:64,16
DA:65,16
DA:66,16
DA:67,16
DA:68,16
DA:69,16
DA:70,16
DA:71,16
DA:72,16
DA:73,16
DA:74,16
DA:75,16
DA:76,16
DA:77,16
DA:78,15
DA:79,16
DA:80,14
DA:81,14
DA:82,15
DA:83,15
DA:86,1
DA:87,2
DA:88,2
DA:89,2
DA:90,2
DA:91,2
DA:92,2
DA:93,2
DA:94,2
DA:95,2
DA:96,2
DA:97,2
DA:98,2
DA:99,2
DA:100,2
end_of_record
SF:./spec/lib/payload_spec.rb
DA:3,1
DA:4,1
DA:5,1
DA:6,1
DA:7,1
DA:9,1
DA:10,18
DA:12,1
DA:13,6
DA:15,3
DA:17,12
DA:22,3
DA:23,6
DA:24,6
DA:27,3
DA:28,6
DA:29,6
DA:32,3
DA:33,6
DA:34,6
DA:35,6
DA:39,1
DA:40,5
DA:41,3
DA:42,1
DA:43,1
DA:46,1
DA:47,5
DA:48,3
DA:49,1
DA:50,1
DA:53,1
DA:54,5
DA:55,3
DA:56,1
DA:57,1
DA:60,1
DA:61,2
DA:62,1
DA:63,2
DA:67,1
DA:68,2
DA:69,1
DA:71,1
DA:73,1
DA:77,1
DA:78,2
DA:82,1
DA:83,1
DA:84,1
DA:86,1
DA:87,1
DA:92,1
DA:93,2
DA:97,1
DA:98,1
DA:99,1
DA:101,1
DA:102,1
DA:107,1
DA:108,2
DA:112,1
DA:113,1
DA:114,1
DA:115,1
DA:133,1
DA:134,2
end_of_record
SF:./spec/lib/tasks/update_id_sample_lims.rake_spec.rb
DA:3,1
DA:4,1
DA:6,1
DA:8,1
DA:9,1
DA:10,5
DA:11,5
DA:12,5
DA:14,1
DA:15,4
DA:18,1
DA:19,4
DA:24,1
DA:25,4
DA:28,1
DA:29,4
DA:31,1
DA:32,1
DA:34,1
DA:35,1
end_of_record
SF:./spec/models/aliquot_spec.rb
DA:3,1
DA:5,1
DA:6,2
DA:7,2
DA:8,2
DA:10,1
DA:11,33
DA:27,1
DA:29,1
DA:30,1
DA:31,1
end_of_record
SF:./spec/models/bmap_flowcell_spec.rb
DA:3,1
DA:5,1
DA:6,4
DA:7,4
DA:8,2
DA:9,1
DA:10,1
DA:12,3
DA:28,1
DA:29,3
DA:30,3
DA:33,1
DA:35,1
DA:36,1
end_of_record
SF:./spec/models/eseq_flowcell_spec.rb
DA:3,1
DA:5,1
DA:6,82
DA:7,82
DA:9,1
DA:10,2
DA:16,2
DA:42,2
DA:44,2
DA:47,1
DA:49,6
DA:51,1
DA:53,1
DA:55,1
DA:59,2
DA:61,1
DA:62,1
DA:63,1
DA:64,1
DA:65,1
DA:68,1
DA:70,1
DA:71,1
DA:73,1
DA:74,1
DA:75,1
DA:79,1
DA:83,2
DA:85,1
DA:86,1
DA:87,1
DA:88,1
DA:89,1
DA:92,1
DA:94,1
DA:95,1
DA:97,1
DA:98,1
DA:99,1
DA:104,1
DA:106,6
DA:108,1
DA:110,1
DA:113,1
DA:114,1
DA:115,1
DA:117,2
DA:119,1
DA:121,1
DA:122,1
DA:123,1
DA:124,1
DA:127,1
DA:128,1
DA:129,1
end_of_record
SF:./spec/models/flgen_plate_spec.rb
DA:3,1
DA:5,1
DA:6,1
DA:9,6
DA:11,15
DA:12,15
DA:14,1
DA:15,14
DA:16,14
DA:19,1
DA:24,1
end_of_record
SF:./spec/models/flowcell_spec.rb
DA:3,1
DA:5,1
DA:6,37
DA:7,37
DA:9,1
DA:10,36
DA:11,36
DA:14,1
DA:15,2
DA:19,2
DA:21,2
DA:26,2
DA:29,1
DA:31,6
DA:33,1
DA:37,1
DA:39,1
DA:41,1
DA:42,1
DA:45,1
DA:46,2
DA:48,1
DA:49,1
DA:50,1
DA:51,1
DA:52,1
DA:55,1
DA:56,1
DA:57,1
DA:58,1
DA:59,1
DA:60,1
DA:64,1
DA:65,2
DA:67,1
DA:68,1
DA:69,1
DA:70,1
DA:71,1
DA:72,1
DA:75,1
DA:76,1
DA:77,1
DA:78,1
DA:79,1
DA:80,1
DA:85,1
DA:87,6
DA:89,1
DA:91,1
DA:92,15
DA:132,1
DA:133,1
DA:137,1
DA:138,2
DA:139,2
DA:141,1
DA:142,1
DA:196,1
DA:197,2
end_of_record
SF:./spec/models/lighthouse_sample_spec.rb
DA:3,1
DA:5,1
DA:6,1
DA:8,1
DA:9,1
DA:11,1
DA:13,0
DA:16,1
DA:19,1
DA:20,1
DA:22,1
DA:24,1
DA:27,1
DA:30,1
DA:31,1
DA:33,1
DA:35,1
DA:38,1
DA:41,1
DA:42,1
DA:44,1
DA:46,1
DA:49,1
DA:52,1
DA:53,1
DA:55,1
DA:57,1
DA:59,1
DA:62,1
DA:65,1
DA:66,1
DA:68,1
DA:70,1
DA:72,0
DA:75,1
DA:78,1
DA:79,1
DA:81,1
DA:82,1
DA:85,1
DA:86,1
DA:88,1
DA:89,1
DA:92,1
DA:93,1
DA:94,1
DA:95,1
DA:98,1
DA:99,1
DA:100,1
DA:104,1
DA:105,1
DA:106,1
DA:109,1
DA:110,1
DA:111,1
end_of_record
SF:./spec/models/long_read_qc_result_spec.rb
DA:3,1
DA:5,1
DA:6,2
DA:8,1
DA:9,1
DA:10,1
DA:26,1
DA:27,1
end_of_record
SF:./spec/models/oseq_flowcell_run_spec.rb
DA:3,1
DA:5,1
DA:6,15
DA:7,15
DA:8,6
DA:10,1
DA:11,14
DA:12,14
DA:15,1
DA:17,1
DA:22,1
DA:23,14
end_of_record
SF:./spec/models/oseq_flowcell_spec.rb
DA:3,1
DA:5,1
DA:6,19
DA:7,19
DA:9,1
DA:10,18
DA:11,18
DA:14,1
DA:16,1
DA:18,1
DA:20,1
DA:21,18
end_of_record
SF:./spec/models/pac_bio_run_spec.rb
DA:3,1
DA:5,1
DA:6,1
DA:9,6
DA:11,16
DA:12,16
DA:14,1
DA:15,15
DA:16,15
DA:19,1
DA:23,1
DA:28,1
DA:29,15
end_of_record
SF:./spec/models/qc_result_spec.rb
DA:3,1
DA:5,1
DA:6,29
DA:7,3
DA:9,1
DA:10,6
DA:11,1
DA:12,13
DA:28,1
DA:29,1
DA:32,1
DA:35,1
DA:36,6
DA:37,1
DA:38,13
DA:51,1
DA:52,1
DA:55,1
DA:58,1
DA:59,1
DA:60,1
DA:67,1
DA:68,1
end_of_record
SF:./spec/models/sample_spec.rb
DA:3,1
DA:5,1
DA:6,1
DA:7,1
DA:8,1
DA:14,1
DA:21,1
DA:22,1
DA:23,1
DA:26,1
DA:27,1
DA:28,2
DA:32,1
DA:33,4
DA:34,2
DA:35,5
DA:36,4
DA:37,1
DA:39,3
DA:48,1
DA:49,1
DA:50,1
DA:65,1
DA:66,1
DA:67,1
DA:72,1
DA:73,1
DA:75,1
DA:76,1
DA:78,1
DA:79,1
DA:80,1
DA:83,1
DA:84,1
DA:86,1
DA:87,1
DA:91,1
DA:92,2
DA:93,1
DA:94,1
DA:102,1
DA:103,1
DA:104,1
DA:105,1
DA:108,1
DA:110,1
DA:111,1
DA:112,1
DA:114,1
DA:115,1
DA:117,1
DA:118,1
DA:120,1
DA:121,1
DA:122,1
DA:124,1
DA:125,1
DA:126,1
DA:131,1
DA:132,5
DA:133,5
DA:135,1
DA:139,4
DA:140,4
DA:141,4
DA:144,1
DA:145,1
DA:146,1
DA:149,1
DA:150,1
DA:151,1
DA:153,1
DA:154,1
DA:157,1
DA:158,1
DA:159,1
DA:161,1
DA:162,1
DA:165,1
DA:166,1
DA:167,1
DA:169,1
DA:170,1
end_of_record
SF:./spec/models/samples_extraction_activity_spec.rb
DA:3,1
DA:5,1
DA:6,1
DA:7,6
DA:13,1
DA:17,14
DA:18,14
DA:19,14
DA:21,1
DA:23,13
end_of_record
SF:./spec/models/stock_resource_spec.rb
DA:3,1
DA:5,1
DA:6,30
DA:7,30
DA:9,1
DA:10,29
DA:11,29
DA:14,1
DA:15,2
DA:17,2
DA:19,2
DA:24,2
DA:27,1
DA:29,6
DA:31,1
DA:33,1
DA:34,15
DA:65,1
DA:66,2
DA:68,1
DA:69,1
DA:70,1
DA:71,1
DA:72,1
DA:75,1
DA:76,1
DA:77,1
DA:78,1
DA:79,1
DA:80,1
DA:85,1
DA:87,6
DA:89,1
DA:91,1
DA:92,14
DA:124,1
DA:125,1
DA:127,1
DA:128,0
end_of_record
SF:./spec/models/study_spec.rb
DA:3,1
DA:5,1
DA:6,1
DA:7,2
DA:8,2
DA:13,2
DA:19,2
DA:20,4
DA:23,2
DA:29,1
DA:30,1
DA:31,27
DA:74,1
DA:77,1
DA:78,1
DA:79,27
DA:89,1
end_of_record
SF:./spec/resource_tools/core_extensions_spec.rb
DA:3,1
DA:6,1
DA:7,1
DA:8,1
DA:9,1
DA:10,1
DA:14,1
DA:15,1
DA:18,1
DA:19,1
DA:24,1
DA:25,6
DA:27,1
DA:28,1
DA:29,1
DA:32,1
DA:33,1
DA:34,1
DA:37,1
DA:38,1
DA:39,1
DA:43,1
DA:44,1
DA:45,1
DA:48,1
DA:49,1
DA:50,1
DA:55,1
DA:56,2
DA:58,1
DA:59,1
DA:63,1
DA:64,2
DA:66,1
DA:67,1
DA:71,1
DA:72,3
DA:74,1
DA:75,1
DA:76,1
DA:79,1
DA:80,1
DA:85,1
DA:86,1
DA:87,5
DA:89,1
DA:90,1
DA:93,1
DA:94,1
DA:97,1
DA:98,1
DA:101,1
DA:102,1
DA:103,1
DA:104,1
DA:107,1
DA:111,1
DA:112,1
DA:113,2
DA:114,1
DA:115,1
DA:118,1
DA:119,2
DA:120,1
DA:121,1
DA:124,1
DA:125,2
DA:126,1
DA:127,2
DA:133,1
DA:134,1
DA:135,6
DA:140,1
DA:141,4
DA:142,4
DA:145,1
DA:146,1
DA:149,1
DA:150,1
DA:153,1
DA:154,1
DA:157,1
DA:158,1
DA:161,1
DA:162,1
DA:167,1
DA:168,1
DA:169,1
DA:170,1
DA:173,1
DA:174,1
end_of_record
SF:./spec/resource_tools/json_spec.rb
DA:3,1
DA:6,1
DA:7,1
DA:8,1
DA:11,1
DA:12,1
DA:13,5
DA:15,1
DA:16,1
DA:17,1
DA:20,1
DA:21,1
DA:22,1
DA:25,1
DA:26,1
DA:27,1
DA:30,1
DA:31,1
DA:32,1
DA:36,1
DA:37,2
DA:39,1
DA:40,1
end_of_record
SF:./spec/resource_tools_spec.rb
DA:3,1
DA:5,1
end_of_record
SF:./spec/support/it_behaves_like_a_nested_resource.rb
DA:3,1
DA:4,36
DA:5,36
DA:8,36
DA:9,36
DA:10,57
DA:14,36
DA:15,36
DA:16,57
DA:21,1
DA:22,156
DA:23,120
DA:24,120
DA:25,132
DA:26,96
DA:27,156
DA:29,72
DA:31,12
DA:32,48
DA:35,12
DA:36,12
DA:37,24
DA:39,12
DA:40,12
DA:41,12
DA:44,12
DA:45,12
DA:49,12
DA:50,23
DA:52,12
DA:53,12
DA:55,12
DA:56,12
DA:57,12
DA:60,12
DA:61,12
DA:65,12
DA:66,23
DA:67,12
DA:68,36
DA:69,36
DA:72,12
DA:76,12
DA:77,12
DA:78,84
DA:79,84
DA:82,12
DA:83,12
DA:84,12
DA:87,12
DA:88,12
DA:89,12
DA:93,12
DA:94,23
DA:95,23
DA:97,12
DA:98,36
DA:99,36
DA:102,12
DA:105,12
DA:106,12
DA:107,24
DA:109,23
DA:110,23
DA:112,12
DA:113,12
DA:116,36
DA:117,36
DA:118,36
DA:121,12
end_of_record
SF:./spec/support/it_behaves_like_a_singular_resource.rb
DA:3,1
DA:4,19
DA:5,19
DA:8,19
DA:9,19
DA:10,19
DA:14,19
DA:15,19
DA:18,19
DA:19,19
DA:23,1
DA:24,64
DA:25,64
DA:26,48
DA:27,56
DA:28,40
DA:29,64
DA:31,28
DA:33,4
DA:34,32
DA:37,4
DA:38,4
DA:39,8
DA:41,4
DA:42,4
DA:43,4
DA:46,4
DA:47,4
DA:51,4
DA:52,8
DA:54,4
DA:55,4
DA:57,4
DA:58,4
DA:59,4
DA:62,4
DA:63,4
DA:64,4
DA:65,4
DA:68,0
DA:69,0
DA:74,4
DA:75,8
DA:76,4
DA:77,16
DA:78,16
DA:81,4
DA:85,4
DA:86,4
DA:87,36
DA:88,36
DA:91,4
DA:92,4
DA:93,4
DA:96,4
DA:97,4
DA:98,4
DA:102,4
DA:103,8
DA:104,8
DA:106,4
DA:107,16
DA:108,16
DA:111,4
DA:114,4
DA:115,4
DA:116,8
DA:118,8
DA:119,8
DA:121,4
DA:122,4
DA:125,16
DA:126,16
DA:127,16
DA:130,4
end_of_record
SF:./spec/support/it_behaves_like_a_singular_resource_versioned.rb
DA:3,1
DA:4,33
DA:5,33
DA:6,29
DA:7,31
DA:8,28
DA:9,33
DA:11,22
DA:13,1
DA:14,15
DA:17,1
DA:18,1
DA:19,2
DA:21,1
DA:22,1
DA:23,1
DA:26,1
DA:27,1
DA:31,1
DA:32,2
DA:34,1
DA:35,2
DA:36,1
DA:37,4
DA:38,4
DA:41,1
DA:45,1
DA:46,1
DA:47,27
DA:48,27
DA:51,1
DA:52,1
DA:53,1
DA:56,1
DA:57,1
DA:58,1
DA:62,1
DA:63,2
DA:64,2
DA:66,1
DA:67,4
DA:68,4
DA:71,1
DA:74,1
DA:75,1
DA:76,1
DA:78,1
DA:79,1
DA:80,1
DA:83,1
DA:84,1
DA:85,1
DA:86,1
DA:90,1
DA:91,1
DA:92,1
DA:94,1
DA:95,1
DA:96,1
DA:99,1
DA:100,1
DA:101,1
DA:105,1
DA:106,1
DA:107,5
DA:109,10
DA:110,10
DA:112,5
DA:113,5
DA:116,20
DA:117,20
DA:118,20
DA:121,5
end_of_record
SF:./spec/support/it_behaves_like_associated_with_roles.rb
DA:3,1
DA:4,4
DA:5,8
DA:6,8
DA:9,4
DA:10,4
DA:13,4
DA:14,4
DA:18,1
DA:19,2
DA:20,48
DA:21,48
DA:24,2
DA:25,10
DA:27,10
DA:28,20
DA:29,20
DA:30,112
DA:32,20
DA:36,2
DA:37,12
DA:38,12
DA:40,2
DA:41,10
DA:42,10
DA:44,2
DA:45,8
DA:48,2
DA:49,6
DA:50,6
DA:51,2
DA:54,2
DA:55,6
DA:56,6
DA:57,2
DA:61,2
DA:62,4
DA:63,16
DA:65,2
DA:66,2
DA:69,2
DA:70,2
end_of_record
SF:./spec/support/it_behaves_like_belongs_to.rb
DA:16,1
DA:17,37
DA:19,13
DA:20,37
DA:21,33
DA:22,20
DA:24,13
DA:25,13
DA:28,13
DA:29,33
DA:30,33
DA:31,20
DA:33,13
DA:34,13
DA:37,37
DA:39,37
DA:41,37
DA:43,13
DA:44,24
DA:45,44
DA:47,24
DA:48,24
DA:50,48
DA:52,24
DA:53,24
DA:58,13
DA:59,46
DA:60,24
end_of_record
SF:./spec/support/it_behaves_like_it_is_ignored.rb
DA:3,1
DA:4,0
DA:6,0
DA:7,0
DA:8,0
DA:12,0
DA:13,0
DA:14,0
end_of_record
SF:./spec/support/it_behaves_like_maps_json_fields.rb
DA:3,1
DA:4,26
DA:6,11
DA:7,26
DA:9,11
DA:10,15
DA:11,15
DA:17,1
DA:18,64
DA:20,9
DA:21,9
DA:22,55
DA:23,55
DA:29,1
DA:30,6
DA:32,2
DA:33,2
DA:34,2
DA:35,4
DA:36,4
end_of_record
SF:./spec/support/shared_json_examples.rb
DA:3,1
DA:4,2
DA:5,18
DA:36,1
DA:37,2
DA:38,22
DA:104,1
DA:105,1
DA:106,41
DA:176,1
DA:177,2
DA:178,40
DA:209,1
DA:210,5
DA:211,26
end_of_record
SF:./spec/warren/subscriber/multi_lims_warehouse_consumer_spec.rb
DA:3,1
DA:4,1
DA:6,1
DA:7,1
DA:8,4
DA:11,5
DA:12,5
DA:13,5
DA:14,5
DA:16,1
DA:17,1
DA:18,4
DA:21,5
DA:23,1
DA:24,3
DA:26,1
DA:27,1
DA:30,1
DA:31,1
DA:35,1
DA:36,1
DA:37,1
DA:38,1
DA:39,1
DA:42,1
DA:43,1
DA:47,1
DA:48,1
DA:49,1
DA:50,1
DA:51,1
DA:54,1
DA:55,1
end_of_record
