{
  "RSpec": {
    "coverage": {
      "/Users/si5/webapps/unified_warehouse/config/environment.rb": {
        "lines": [
          null,
          1,
          null,
          null,
          1
        ]
      },
      "/Users/si5/webapps/unified_warehouse/config/application.rb": {
        "lines": [
          1,
          null,
          1,
          1,
          null,
          1,
          null,
          1,
          null,
          null,
          null,
          null,
          1,
          1,
          1,
          1,
          1,
          1,
          1,
          null,
          null,
          null,
          null,
          null,
          1,
          null,
          null,
          null,
          null,
          null,
          1,
          1,
          1,
          1,
          1,
          1,
          null,
          null
        ]
      },
      "/Users/si5/webapps/unified_warehouse/config/boot.rb": {
        "lines": [
          1,
          null,
          1,
          1
        ]
      },
      "/Users/si5/webapps/unified_warehouse/config/environments/test.rb": {
        "lines": [
          1,
          null,
          null,
          null,
          null,
          null,
          null,
          null,
          null,
          1,
          null,
          null,
          null,
          null,
          1,
          null,
          null,
          1,
          1,
          null,
          null,
          null,
          null,
          null,
          null,
          null,
          null,
          null,
          null,
          null,
          null,
          null,
          null,
          null,
          null,
          null,
          null,
          null,
          1,
          null,
          null,
          null,
          null,
          null,
          null,
          null,
          null,
          1,
          null,
          null,
          null,
          null,
          null,
          1,
          null,
          null,
          1,
          1,
          1,
          1,
          1,
          null,
          null,
          1,
          1,
          null,
          null,
          1,
          1,
          null
        ]
      },
      "/Users/si5/webapps/unified_warehouse/config/initializers/backtrace_silencers.rb": {
        "lines": [
          null,
          null,
          null,
          null,
          null,
          null,
          null
        ]
      },
      "/Users/si5/webapps/unified_warehouse/config/initializers/cookies_serializer.rb": {
        "lines": [
          null,
          null,
          null,
          null,
          null,
          null,
          1
        ]
      },
      "/Users/si5/webapps/unified_warehouse/config/initializers/filter_parameter_logging.rb": {
        "lines": [
          null,
          null,
          null,
          null,
          null,
          1
        ]
      },
      "/Users/si5/webapps/unified_warehouse/config/initializers/inflections.rb": {
        "lines": [
          1,
          1,
          null
        ]
      },
      "/Users/si5/webapps/unified_warehouse/config/initializers/new_framework_defaults_5_2.rb": {
        "lines": [
          null,
          null,
          null,
          null,
          null,
          null,
          null,
          null,
          null,
          null,
          null,
          null,
          null,
          null,
          null,
          null,
          null,
          null,
          null,
          null,
          null,
          null,
          null,
          null,
          null,
          null,
          null,
          null,
          null,
          null,
          null,
          null,
          null,
          null,
          null,
          null,
          null,
          null,
          null,
          null
        ]
      },
      "/Users/si5/webapps/unified_warehouse/config/initializers/session_store.rb": {
        "lines": [
          null,
          null,
          1,
          null,
          null,
          null,
          null,
          null
        ]
      },
      "/Users/si5/webapps/unified_warehouse/config/initializers/wrap_parameters.rb": {
        "lines": [
          null,
          null,
          null,
          null,
          null,
          null,
          1,
          1,
          null,
          null,
          null,
          null,
          null,
          null
        ]
      },
      "/Users/si5/webapps/unified_warehouse/spec/factories.rb": {
        "lines": [
          1,
          1,
          172,
          186,
          1,
          186,
          null,
          1,
          2,
          null,
          null,
          null,
          1,
          144,
          145,
          144,
          145,
          null,
          1,
          2,
          1,
          null,
          null,
          null,
          1,
          2,
          2,
          2,
          2,
          2,
          1,
          2,
          2,
          2,
          null,
          null,
          1,
          15,
          14,
          16,
          14,
          16,
          16,
          14,
          16,
          16,
          16,
          16,
          16,
          16,
          16,
          16,
          16,
          16,
          16,
          16,
          16,
          16,
          16,
          16,
          16,
          16,
          16,
          15,
          16,
          14,
          14,
          15,
          15,
          null,
          null
        ]
      },
      "/Users/si5/webapps/unified_warehouse/config/routes.rb": {
        "lines": [
          1,
          null,
          null
        ]
      },
      "/Users/si5/webapps/unified_warehouse/spec/support/it_behaves_like_maps_json_fields.rb": {
        "lines": [
          1,
          38,
          null,
          10,
          38,
          null,
          10,
          28,
          28,
          null,
          null,
          null,
          null,
          null,
          1,
          28,
          null,
          8,
          8,
          20,
          20,
          null,
          null,
          null,
          null,
          null,
          1,
          6,
          null,
          2,
          2,
          2,
          4,
          4,
          null,
          null,
          null,
          null
        ]
      },
      "/Users/si5/webapps/unified_warehouse/spec/support/it_behaves_like_associated_with_roles.rb": {
        "lines": [
          1,
          4,
          8,
          8,
          null,
          null,
          4,
          4,
          null,
          null,
          4,
          4,
          null,
          null,
          null,
          1,
          2,
          48,
          48,
          null,
          null,
          2,
          10,
          null,
          10,
          20,
          112,
          null,
          20,
          null,
          null,
          null,
          2,
          12,
          12,
          null,
          2,
          10,
          10,
          null,
          2,
          8,
          null,
          null,
          2,
          6,
          6,
          2,
          null,
          null,
          2,
          6,
          6,
          2,
          null,
          null,
          null,
          2,
          4,
          16,
          null,
          2,
          2,
          null,
          null,
          2,
          2,
          null,
          null,
          null
        ]
      },
      "/Users/si5/webapps/unified_warehouse/spec/support/shared_json_examples.rb": {
        "lines": [
          1,
          2,
          null,
          18,
          null,
          null,
          null,
          null,
          null,
          null,
          null,
          null,
          null,
          null,
          null,
          null,
          null,
          null,
          null,
          null,
          null,
          null,
          null,
          null,
          null,
          null,
          null,
          null,
          null,
          null,
          null,
          null,
          null,
          1,
          2,
          null,
          null,
          22,
          null,
          null,
          null,
          null,
          null,
          null,
          null,
          null,
          null,
          null,
          null,
          null,
          null,
          null,
          null,
          null,
          null,
          null,
          null,
          null,
          null,
          null,
          null,
          null,
          null,
          null,
          null,
          null,
          null,
          null,
          null,
          null,
          null,
          null,
          null,
          null,
          null,
          null,
          null,
          null,
          null,
          null,
          null,
          null,
          null,
          null,
          null,
          null,
          null,
          null,
          null,
          null,
          null,
          null,
          null,
          null,
          null,
          null,
          null,
          null,
          null,
          1,
          5,
          null,
          37,
          null,
          null,
          null,
          null,
          null,
          null,
          null,
          null,
          null,
          null,
          null,
          null,
          null,
          null,
          null,
          null,
          null,
          null,
          null,
          null,
          null,
          null,
          null,
          null,
          null,
          null,
          null,
          null,
          null,
          null,
          null,
          null,
          null,
          null
        ]
      },
      "/Users/si5/webapps/unified_warehouse/spec/support/it_behaves_like_a_singlular_resource.rb": {
        "lines": [
          1,
          15,
          15,
          null,
          null,
          15,
          15,
          15,
          null,
          null,
          null,
          15,
          15,
          null,
          null,
          15,
          15,
          null,
          null,
          null,
          1,
          80,
          80,
          60,
          70,
          50,
          80,
          null,
          35,
          null,
          5,
          40,
          null,
          null,
          5,
          5,
          10,
          null,
          5,
          5,
          5,
          null,
          null,
          5,
          5,
          null,
          null,
          null,
          5,
          10,
          null,
          5,
          5,
          null,
          5,
          5,
          5,
          null,
          null,
          5,
          5,
          5,
          5,
          null,
          null,
          0,
          0,
          null,
          null,
          null,
          null,
          5,
          10,
          5,
          20,
          20,
          null,
          null,
          5,
          null,
          null,
          null,
          5,
          5,
          45,
          45,
          null,
          null,
          5,
          5,
          5,
          null,
          null,
          5,
          5,
          5,
          null,
          null,
          null,
          5,
          10,
          10,
          null,
          5,
          20,
          20,
          null,
          null,
          5,
          null,
          null,
          5,
          5,
          10,
          null,
          10,
          10,
          null,
          5,
          5,
          null,
          null,
          20,
          20,
          20,
          null,
          null,
          5,
          null,
          null,
          null,
          null,
          null,
          null
        ]
      },
      "/Users/si5/webapps/unified_warehouse/spec/support/it_behaves_like_it_is_ignored.rb": {
        "lines": [
          1,
          0,
          null,
          0,
          0,
          0,
          null,
          null,
          null,
          0,
          0,
          0,
          null,
          null,
          null
        ]
      },
      "/Users/si5/webapps/unified_warehouse/spec/support/it_behaves_like_a_nested_resource.rb": {
        "lines": [
          1,
          30,
          30,
          null,
          null,
          30,
          30,
          48,
          null,
          null,
          null,
          30,
          30,
          48,
          null,
          null,
          null,
          null,
          1,
          130,
          100,
          100,
          110,
          80,
          130,
          null,
          60,
          null,
          10,
          40,
          null,
          null,
          10,
          10,
          20,
          null,
          10,
          10,
          10,
          null,
          null,
          10,
          10,
          null,
          null,
          null,
          10,
          19,
          null,
          10,
          10,
          null,
          10,
          10,
          10,
          null,
          null,
          10,
          10,
          null,
          null,
          null,
          10,
          19,
          10,
          30,
          30,
          null,
          null,
          10,
          null,
          null,
          null,
          10,
          10,
          70,
          70,
          null,
          null,
          10,
          10,
          10,
          null,
          null,
          10,
          10,
          26,
          null,
          null,
          null,
          10,
          19,
          19,
          null,
          10,
          30,
          30,
          null,
          null,
          10,
          null,
          null,
          10,
          10,
          20,
          null,
          19,
          19,
          null,
          10,
          10,
          null,
          null,
          30,
          30,
          30,
          null,
          null,
          10,
          null,
          null,
          null,
          null,
          null,
          null
        ]
      },
      "/Users/si5/webapps/unified_warehouse/spec/support/it_behaves_like_belongs_to.rb": {
        "lines": [
          null,
          null,
          null,
          null,
          null,
          null,
          null,
          null,
          null,
          null,
          null,
          null,
          null,
          1,
          31,
          null,
          11,
          29,
          25,
          16,
          null,
          9,
          9,
          null,
          null,
          11,
          25,
          25,
          16,
          null,
          9,
          9,
          null,
          null,
          31,
          null,
          31,
          null,
          31,
          null,
          11,
          20,
          36,
          null,
          20,
          20,
          null,
          40,
          null,
          20,
          20,
          null,
          null,
          null,
          null,
          11,
          38,
          20,
          null,
          null
        ]
      },
      "/Users/si5/webapps/unified_warehouse/spec/lib/payload_spec.rb": {
        "lines": [
          1,
          1,
          1,
          1,
          1,
          null,
          1,
          17,
          null,
          1,
          6,
          null,
          3,
          null,
          12,
          null,
          null,
          null,
          null,
          3,
          6,
          6,
          null,
          null,
          3,
          6,
          6,
          null,
          null,
          3,
          6,
          6,
          6,
          null,
          null,
          null,
          1,
          5,
          3,
          1,
          1,
          null,
          null,
          1,
          5,
          3,
          1,
          1,
          null,
          null,
          1,
          5,
          3,
          1,
          1,
          null,
          null,
          1,
          2,
          1,
          2,
          null,
          null,
          null,
          1,
          2,
          1,
          null,
          1,
          null,
          1,
          null,
          null,
          null,
          1,
          2,
          null,
          null,
          null,
          1,
          1,
          1,
          null,
          1,
          null,
          1,
          null,
          null,
          null,
          1,
          2,
          null,
          null,
          null,
          1,
          1,
          1,
          null,
          1,
          null,
          1,
          null,
          null,
          null,
          1,
          2,
          null,
          null,
          null
        ]
      },
      "/Users/si5/webapps/unified_warehouse/lib/payload.rb": {
        "lines": [
          null,
          null,
          1,
          1,
          null,
          1,
          1,
          null,
          16,
          null,
          1,
          null,
          15,
          14,
          14,
          null,
          12,
          null,
          null,
          null,
          1,
          null,
          1,
          null,
          1,
          12,
          12,
          12,
          null,
          null,
          1,
          3,
          null,
          null,
          1,
          null,
          1,
          12,
          12,
          0,
          null,
          null,
          12,
          null,
          null
        ]
      },
      "/Users/si5/webapps/unified_warehouse/app/models/flowcell.rb": {
        "lines": [
          1,
          1,
          1,
          null,
          1,
          null,
          1,
          1,
          null,
          1,
          null,
          1,
          1,
          1,
          null,
          null,
          null,
          null,
          1,
          292,
          null,
          null,
          1,
          null,
          null,
          1,
          null,
          null,
          null,
          1,
          null,
          null,
          null,
          1,
          null,
          null,
          null,
          null
        ]
      },
      "/Users/si5/webapps/unified_warehouse/app/models/application_record.rb": {
        "lines": [
          null,
          null,
          null,
          null,
          1,
          1,
          null
        ]
      },
      "/Users/si5/webapps/unified_warehouse/lib/resource_tools.rb": {
        "lines": [
          1,
          1,
          null,
          1,
          1,
          1,
          1,
          null,
          1,
          null,
          null,
          null,
          11,
          null,
          null,
          null,
          null,
          11,
          null,
          null,
          null,
          318,
          434,
          318,
          null,
          11,
          488,
          null,
          null,
          null,
          1,
          0,
          null,
          null,
          1,
          0,
          null,
          null,
          null,
          1,
          0,
          null,
          null,
          null,
          1,
          0,
          0,
          0,
          0,
          0,
          null,
          null,
          null,
          1,
          null,
          1,
          53,
          53,
          53,
          null,
          null,
          1,
          null,
          1,
          651,
          null,
          null
        ]
      },
      "/Users/si5/webapps/unified_warehouse/lib/resource_tools/core_extensions.rb": {
        "lines": [
          1,
          1,
          1,
          null,
          1,
          null,
          null,
          null,
          1,
          230,
          null,
          20,
          null,
          null,
          null,
          null,
          1,
          null,
          null,
          1,
          58,
          60,
          null,
          null,
          null,
          null,
          1,
          55,
          1900,
          null,
          null,
          null,
          1,
          1,
          2,
          null,
          null,
          null,
          1,
          1,
          4,
          null,
          3,
          null,
          null,
          1,
          7,
          4,
          1,
          null,
          null,
          null,
          null,
          1,
          1,
          null,
          1,
          1,
          null,
          null,
          1,
          1,
          15,
          null,
          null,
          null,
          1,
          65,
          null,
          11,
          null,
          null,
          null,
          1,
          1,
          225,
          null,
          null,
          null,
          1,
          1,
          95,
          null,
          null,
          null,
          null,
          null,
          2,
          null,
          2,
          null,
          2,
          null,
          2,
          null,
          2,
          null,
          2,
          null,
          2,
          null,
          2
        ]
      },
      "/Users/si5/webapps/unified_warehouse/lib/resource_tools/json.rb": {
        "lines": [
          1,
          1,
          null,
          1,
          1,
          323,
          323,
          null,
          null,
          null,
          1,
          486,
          972,
          null,
          1,
          null,
          null,
          1,
          1,
          1,
          null,
          1,
          1,
          null,
          1,
          1,
          null,
          1,
          1,
          null,
          1,
          1,
          null,
          1,
          1,
          null,
          1,
          null,
          null,
          1,
          0,
          null,
          null,
          1,
          11,
          11,
          11,
          22,
          null,
          null,
          1,
          14,
          null,
          null,
          1,
          1,
          null,
          null,
          null,
          1,
          35,
          null,
          null,
          1,
          158919,
          null,
          null,
          1,
          null,
          768,
          null,
          367,
          367,
          367,
          367,
          425,
          null,
          null,
          null,
          null,
          1,
          367,
          407,
          null,
          339,
          425,
          null,
          null,
          null,
          1,
          null,
          1,
          1,
          null,
          null,
          1,
          1,
          1,
          null,
          null,
          null,
          1,
          3880,
          3880,
          292,
          292,
          null,
          null,
          3880,
          37875,
          null,
          null,
          1,
          3880,
          276,
          null,
          null,
          1,
          null,
          1,
          136,
          null,
          null,
          1,
          null,
          1,
          null,
          null
        ]
      },
      "/Users/si5/webapps/unified_warehouse/lib/resource_tools/association.rb": {
        "lines": [
          1,
          1,
          null,
          1,
          null,
          null,
          1,
          1,
          16,
          null,
          null,
          null,
          null,
          null,
          null,
          null,
          null,
          null,
          null,
          null,
          null,
          null,
          null,
          null,
          null,
          null,
          null
        ]
      },
      "/Users/si5/webapps/unified_warehouse/lib/resource_tools/timestamps.rb": {
        "lines": [
          1,
          1,
          null,
          1,
          null,
          662,
          null,
          11,
          11,
          null,
          null,
          1,
          1,
          421,
          null,
          null,
          1,
          421,
          null,
          null,
          null
        ]
      },
      "/Users/si5/webapps/unified_warehouse/lib/composite_resource_tools.rb": {
        "lines": [
          1,
          1,
          null,
          1,
          null,
          1,
          15,
          null,
          null,
          1,
          1,
          null,
          1,
          96,
          96,
          null,
          76,
          null,
          76,
          76,
          null,
          76,
          null,
          76,
          143,
          null,
          null,
          null,
          63,
          null,
          62,
          4,
          4,
          null,
          62,
          null,
          null,
          null,
          null,
          null,
          1,
          2,
          null,
          null,
          1,
          527,
          null,
          null,
          1,
          1,
          null,
          null,
          null
        ]
      },
      "/Users/si5/webapps/unified_warehouse/app/models/sample.rb": {
        "lines": [
          1,
          1,
          1,
          null,
          1,
          1,
          null,
          null,
          null,
          null,
          null,
          null,
          null,
          null,
          null,
          null,
          null,
          1,
          null,
          null,
          null,
          null,
          null,
          null,
          null,
          null,
          null,
          null,
          null,
          null
        ]
      },
      "/Users/si5/webapps/unified_warehouse/lib/singular_resource_tools.rb": {
        "lines": [
          1,
          1,
          null,
          1,
          53,
          null,
          null,
          1,
          1,
          145,
          145,
          96,
          96,
          96,
          null,
          null,
          1,
          null,
          null
        ]
      },
      "/Users/si5/webapps/unified_warehouse/app/models/flgen_plate.rb": {
        "lines": [
          1,
          1,
          1,
          null,
          1,
          1,
          null,
          1,
          null,
          1,
          1,
          1,
          null,
          null,
          1,
          null,
          null,
          null,
          null
        ]
      },
      "/Users/si5/webapps/unified_warehouse/lib/nested_resource_tools.rb": {
        "lines": [
          1,
          1,
          null,
          1,
          15,
          null,
          null,
          1,
          1,
          132,
          132,
          null,
          86,
          null,
          86,
          86,
          null,
          86,
          null,
          86,
          214,
          71,
          71,
          null,
          null,
          1,
          null,
          null
        ]
      },
      "/Users/si5/webapps/unified_warehouse/spec/lib/postman/message_spec.rb": {
        "lines": [
          1,
          1,
          null,
          1,
          1,
          5,
          null,
          6,
          6,
          6,
          6,
          6,
          5,
          1,
          6,
          null,
          6,
          null,
          1,
          1,
          1,
          1,
          1,
          null,
          null,
          1,
          1,
          null,
          null,
          null,
          1,
          1,
          1,
          1,
          null,
          null,
          1,
          1,
          null,
          null,
          null,
          1,
          1,
          1,
          1,
          1,
          1,
          1,
          null,
          null,
          1,
          1,
          null,
          null,
          null,
          1,
          2,
          null,
          1,
          1,
          1,
          1,
          null,
          null,
          1,
          1,
          null,
          null,
          null,
          null,
          1,
          1,
          1,
          1,
          1,
          1,
          null,
          null,
          1,
          1,
          null,
          null,
          null
        ]
      },
      "/Users/si5/webapps/unified_warehouse/lib/postman/message.rb": {
        "lines": [
          1,
          1,
          null,
          1,
          null,
          null,
          1,
          null,
          null,
          1,
          null,
          null,
          null,
          null,
          null,
          1,
          null,
          1,
          1,
          null,
          1,
          25,
          null,
          null,
          1,
          5,
          5,
          5,
          5,
          null,
          null,
          1,
          5,
          5,
          null,
          null,
          5,
          1,
          null,
          null,
          null,
          1,
          null,
          1,
          null,
          null,
          1,
          1,
          null,
          0,
          null,
          null,
          2,
          null,
          null,
          5,
          null,
          null,
          1,
          null,
          1,
          5,
          null,
          null,
          1,
          null,
          null,
          3,
          null,
          null,
          1,
          3,
          null,
          null,
          1,
          4,
          null,
          null,
          1,
          4,
          null,
          null,
          1,
          0,
          null,
          null,
          null,
          null,
          1,
          2,
          2,
          2,
          null,
          1,
          null,
          1,
          null,
          1,
          null,
          null,
          null,
          null,
          null,
          1,
          1,
          1,
          1,
          null,
          null,
          null,
          null,
          1,
          2,
          2,
          2,
          null,
          null,
          null
        ]
      },
      "/Users/si5/webapps/unified_warehouse/spec/lib/postman/state_machine_spec.rb": {
        "lines": [
          1,
          1,
          null,
          1,
          null,
          1,
          30,
          null,
          null,
          null,
          null,
          null,
          null,
          null,
          null,
          1,
          1,
          2,
          2,
          null,
          2,
          2,
          2,
          2,
          null,
          null,
          1,
          6,
          1,
          2,
          2,
          null,
          2,
          2,
          2,
          2,
          null,
          null,
          1,
          6,
          1,
          2,
          2,
          null,
          2,
          2,
          2,
          2,
          null,
          null,
          1,
          6,
          1,
          2,
          2,
          null,
          2,
          2,
          2,
          2,
          null,
          null,
          1,
          6,
          1,
          2,
          2,
          null,
          2,
          2,
          2,
          2,
          null,
          null,
          1,
          6,
          1,
          2,
          2,
          null,
          2,
          2,
          2,
          2,
          null,
          null
        ]
      },
      "/Users/si5/webapps/unified_warehouse/lib/postman.rb": {
        "lines": [
          1,
          1,
          1,
          1,
          1,
          1,
          null,
          null,
          null,
          1,
          1,
          null,
          1,
          null,
          1,
          null,
          1,
          30,
          30,
          30,
          30,
          30,
          30,
          30,
          null,
          null,
          1,
          1,
          null,
          1,
          0,
          null,
          null,
          1,
          6,
          null,
          null,
          1,
          0,
          0,
          0,
          0,
          0,
          0,
          0,
          null,
          null,
          0,
          null,
          0,
          0,
          null,
          0,
          null,
          null,
          1,
          0,
          0,
          null,
          null,
          1,
          0,
          null,
          0,
          0,
          0,
          0,
          null,
          null,
          1,
          null,
          null,
          null,
          null,
          null,
          null,
          null,
          null,
          1,
          0,
          0,
          null,
          null,
          null,
          null,
          null,
          null,
          1,
          0,
          0,
          0,
          null,
          0,
          0,
          null,
          null,
          null,
          null,
          null,
          null,
          null,
          null,
          null,
          1,
          0,
          null,
          0,
          0,
          null,
          null,
          null,
          null,
          1,
          0,
          0,
          null,
          null,
          null,
          1,
          0,
          null,
          0,
          0,
          0,
          0,
          null,
          0,
          0,
          null,
          null,
          null,
          1,
          0,
          null,
          null,
          1,
          0,
          null,
          null,
          1,
          0,
          0,
          null,
          0,
          null,
          null,
          null,
          1,
          0,
          0,
          0,
          null,
          null,
          1,
          0,
          null,
          null
        ]
      },
      "/Users/si5/webapps/unified_warehouse/lib/postman/state_machine.rb": {
        "lines": [
          1,
          1,
          1,
          1,
          31,
          30,
          null,
          null,
          1,
          7,
          null,
          null,
          null,
          null
        ]
      },
      "/Users/si5/webapps/unified_warehouse/spec/models/bmap_flowcell_spec.rb": {
        "lines": [
          null,
          null,
          1,
          null,
          1,
          4,
          4,
          2,
          1,
          1,
          null,
          3,
          null,
          null,
          null,
          null,
          null,
          null,
          null,
          null,
          null,
          null,
          null,
          null,
          null,
          null,
          null,
          1,
          3,
          3,
          null,
          null,
          1,
          null,
          1,
          1,
          null,
          null
        ]
      },
      "/Users/si5/webapps/unified_warehouse/app/models/bmap_flowcell.rb": {
        "lines": [
          null,
          null,
          1,
          1,
          1,
          null,
          1,
          1,
          null,
          1,
          6,
          null,
          null,
          1,
          null,
          null
        ]
      },
      "/Users/si5/webapps/unified_warehouse/spec/models/flgen_plate_spec.rb": {
        "lines": [
          1,
          null,
          1,
          1,
          null,
          null,
          6,
          null,
          15,
          15,
          null,
          1,
          14,
          null,
          null,
          1,
          null,
          null,
          null,
          null,
          1,
          null
        ]
      },
      "/Users/si5/webapps/unified_warehouse/spec/models/flowcell_spec.rb": {
        "lines": [
          1,
          null,
          1,
          37,
          37,
          null,
          1,
          36,
          null,
          null,
          1,
          2,
          null,
          null,
          null,
          2,
          null,
          2,
          null,
          null,
          null,
          null,
          2,
          null,
          null,
          1,
          null,
          6,
          null,
          1,
          null,
          null,
          null,
          1,
          null,
          1,
          null,
          1,
          1,
          null,
          null,
          1,
          2,
          null,
          1,
          1,
          1,
          1,
          1,
          null,
          null,
          1,
          1,
          1,
          1,
          1,
          1,
          null,
          null,
          null,
          1,
          2,
          null,
          1,
          1,
          1,
          1,
          1,
          1,
          null,
          null,
          1,
          1,
          1,
          1,
          1,
          1,
          null,
          null,
          null,
          null,
          1,
          null,
          6,
          null,
          1,
          null,
          1,
          null,
          null,
          15,
          null,
          null,
          null,
          null,
          null,
          null,
          null,
          null,
          null,
          null,
          null,
          null,
          null,
          null,
          null,
          null,
          null,
          null,
          null,
          null,
          null,
          null,
          null,
          null,
          null,
          null,
          null,
          null,
          null,
          null,
          null,
          null,
          null,
          null,
          null,
          null,
          null,
          1,
          1,
          null,
          null,
          null,
          1,
          2,
          2,
          null,
          1,
          null,
          null,
          1,
          null,
          null,
          null,
          null,
          null,
          null,
          null,
          null,
          null,
          null,
          null,
          null,
          null,
          null,
          null,
          null,
          null,
          null,
          null,
          null,
          null,
          null,
          null,
          null,
          null,
          null,
          null,
          null,
          null,
          null,
          null,
          null,
          null,
          null,
          null,
          null,
          null,
          null,
          null,
          null,
          null,
          null,
          null,
          null,
          null,
          null,
          null,
          null,
          null,
          null,
          null,
          1,
          2,
          null,
          null,
          null
        ]
      },
      "/Users/si5/webapps/unified_warehouse/spec/models/lighthouse_sample_spec.rb": {
        "lines": [
          null,
          null,
          1,
          null,
          1,
          1,
          null,
          1,
          1,
          null,
          1,
          null,
          0,
          null,
          null,
          1,
          null,
          null,
          1,
          1,
          null,
          1,
          null,
          1,
          null,
          null,
          1,
          null,
          null,
          1,
          1,
          null,
          1,
          null,
          1,
          null,
          null,
          1,
          null,
          null,
          1,
          1,
          null,
          1,
          null,
          1,
          null,
          null,
          1,
          null,
          null,
          1,
          1,
          null,
          1,
          null,
          1,
          null,
          1,
          null,
          null,
          1,
          null,
          null,
          1,
          1,
          null,
          1,
          null,
          1,
          null,
          0,
          null,
          null,
          1,
          null,
          null,
          1,
          1,
          null,
          1,
          1,
          null,
          null,
          1,
          1,
          null,
          1,
          1,
          null,
          null,
          1,
          1,
          1,
          1,
          null,
          null,
          1,
          1,
          1,
          null,
          null,
          null,
          1,
          1,
          1,
          null,
          null,
          1,
          1,
          1,
          null,
          null,
          null
        ]
      },
      "/Users/si5/webapps/unified_warehouse/app/models/lighthouse_sample.rb": {
        "lines": [
          null,
          null,
          1,
          null
        ]
      },
      "/Users/si5/webapps/unified_warehouse/spec/models/oseq_flowcell_run_spec.rb": {
        "lines": [
          null,
          null,
          1,
          null,
          1,
          15,
          15,
          6,
          null,
          1,
          14,
          14,
          null,
          null,
          1,
          null,
          1,
          null,
          null,
          null,
          null,
          1,
          null,
          14,
          null,
          null,
          null,
          null,
          null,
          null,
          null,
          null,
          null,
          null,
          null,
          null,
          null,
          null,
          null,
          null,
          null,
          null,
          null,
          null,
          null,
          null,
          null,
          null,
          null,
          null,
          null,
          null,
          null,
          null,
          null,
          null,
          null,
          null,
          null,
          null,
          null,
          null,
          null,
          null,
          null,
          null,
          null,
          null,
          null,
          null,
          null,
          null,
          null,
          null,
          null,
          null,
          null,
          null,
          null,
          null,
          null,
          null,
          null,
          null,
          null,
          null
        ]
      },
      "/Users/si5/webapps/unified_warehouse/app/models/oseq_flowcell_run.rb": {
        "lines": [
          null,
          null,
          null,
          1,
          1,
          null,
          1,
          1,
          null,
          1,
          34,
          null,
          null,
          1,
          1,
          null,
          1,
          1,
          null,
          null,
          null,
          1,
          1,
          null,
          null,
          null,
          1,
          null,
          null,
          null,
          null
        ]
      },
      "/Users/si5/webapps/unified_warehouse/spec/models/oseq_flowcell_spec.rb": {
        "lines": [
          1,
          null,
          1,
          19,
          19,
          null,
          1,
          18,
          18,
          null,
          null,
          1,
          null,
          1,
          null,
          1,
          null,
          1,
          null,
          18,
          null,
          null,
          null,
          null,
          null,
          null,
          null,
          null,
          null,
          null,
          null,
          null,
          null,
          null,
          null,
          null,
          null,
          null,
          null
        ]
      },
      "/Users/si5/webapps/unified_warehouse/app/models/oseq_flowcell.rb": {
        "lines": [
          1,
          1,
          1,
          null,
          1,
          54,
          null,
          null,
          1,
          1,
          null,
          1,
          1,
          null,
          null,
          null,
          1,
          null,
          null
        ]
      },
      "/Users/si5/webapps/unified_warehouse/spec/models/pac_bio_run_spec.rb": {
        "lines": [
          1,
          null,
          1,
          1,
          null,
          null,
          6,
          null,
          16,
          16,
          null,
          1,
          15,
          null,
          null,
          1,
          null,
          null,
          null,
          1,
          null,
          null,
          null,
          null,
          1,
          null,
          15,
          null,
          null,
          null,
          null,
          null,
          null,
          null,
          null,
          null,
          null,
          null,
          null,
          null,
          null,
          null,
          null,
          null,
          null,
          null,
          null,
          null,
          null,
          null,
          null,
          null,
          null,
          null,
          null,
          null,
          null,
          null,
          null,
          null,
          null,
          null,
          null,
          null,
          null,
          null,
          null,
          null,
          null,
          null,
          null,
          null,
          null,
          null,
          null,
          null,
          null,
          null,
          null,
          null,
          null,
          null,
          null,
          null,
          null,
          null,
          null,
          null,
          null,
          null,
          null,
          null,
          null,
          null,
          null,
          null,
          null,
          null
        ]
      },
      "/Users/si5/webapps/unified_warehouse/app/models/pac_bio_run.rb": {
        "lines": [
          1,
          1,
          1,
          null,
          1,
          1,
          null,
          1,
          1,
          null,
          null,
          null,
          1,
          1,
          null,
          null,
          null,
          1,
          null,
          null,
          null,
          1,
          null,
          null,
          null,
          null
        ]
      },
      "/Users/si5/webapps/unified_warehouse/spec/models/qc_result_spec.rb": {
        "lines": [
          1,
          null,
          1,
          29,
          3,
          null,
          1,
          6,
          1,
          13,
          null,
          null,
          null,
          null,
          null,
          null,
          null,
          null,
          null,
          null,
          null,
          null,
          null,
          null,
          null,
          1,
          1,
          null,
          null,
          1,
          null,
          null,
          1,
          6,
          1,
          13,
          null,
          null,
          null,
          null,
          null,
          null,
          null,
          null,
          null,
          null,
          null,
          null,
          1,
          1,
          null,
          null,
          1,
          null,
          null,
          1,
          1,
          1,
          null,
          null,
          null,
          null,
          null,
          null,
          1,
          1,
          null,
          null,
          null,
          null,
          null,
          null,
          null
        ]
      },
      "/Users/si5/webapps/unified_warehouse/app/models/qc_result.rb": {
        "lines": [
          1,
          1,
          1,
          null,
          1,
          null,
          1,
          1,
          1,
          null,
          null,
          1,
          null,
          null,
          null,
          null
        ]
      },
      "/Users/si5/webapps/unified_warehouse/spec/models/sample_spec.rb": {
        "lines": [
          1,
          null,
          1,
          1,
          2,
          2,
          null,
          null,
          null,
          null,
          null,
          null,
          null,
          null,
          null,
          null,
          null,
          null,
          2,
          null,
          null,
          null,
          null,
          null,
          null,
          null,
          null,
          null,
          null,
          1,
          1,
          1,
          null,
          null,
          1,
          1,
          null,
          1,
          null,
          32,
          null,
          null,
          null,
          null,
          null,
          null,
          null,
          null,
          null,
          null,
          null,
          null,
          null,
          null,
          null,
          null,
          null,
          null,
          null,
          null,
          null,
          null,
          null,
          null,
          null,
          null,
          null,
          null,
          null,
          null,
          null,
          null,
          null
        ]
      },
      "/Users/si5/webapps/unified_warehouse/spec/models/samples_extraction_activity_spec.rb": {
        "lines": [
          null,
          null,
          1,
          null,
          1,
          1,
          6,
          null,
          null,
          null,
          null,
          null,
          1,
          null,
          null,
          null,
          14,
          14,
          14,
          null,
          1,
          null,
          13,
          null,
          null,
          null,
          null,
          null,
          null,
          null,
          null,
          null,
          null,
          null,
          null,
          null,
          null
        ]
      },
      "/Users/si5/webapps/unified_warehouse/app/models/samples_extraction_activity.rb": {
        "lines": [
          null,
          null,
          null,
          null,
          1,
          1,
          1,
          null,
          1,
          null,
          1,
          32,
          null,
          null,
          1,
          null,
          1,
          1,
          null,
          null,
          1,
          null,
          null,
          null,
          1,
          null,
          null,
          null,
          null
        ]
      },
      "/Users/si5/webapps/unified_warehouse/spec/models/stock_resource_spec.rb": {
        "lines": [
          1,
          null,
          1,
          30,
          30,
          null,
          1,
          29,
          null,
          null,
          1,
          2,
          null,
          null,
          2,
          null,
          2,
          null,
          null,
          null,
          null,
          2,
          null,
          null,
          1,
          null,
          6,
          null,
          1,
          null,
          1,
          null,
          15,
          null,
          null,
          null,
          null,
          null,
          null,
          null,
          null,
          null,
          null,
          null,
          null,
          null,
          null,
          null,
          null,
          null,
          null,
          null,
          null,
          null,
          null,
          null,
          null,
          null,
          null,
          null,
          null,
          null,
          1,
          2,
          null,
          1,
          1,
          1,
          1,
          1,
          null,
          null,
          1,
          1,
          1,
          1,
          1,
          1,
          null,
          null,
          null,
          null,
          1,
          null,
          6,
          null,
          1,
          null,
          1,
          null,
          14,
          null,
          null,
          null,
          null,
          null,
          null,
          null,
          null,
          null,
          null,
          null,
          null,
          null,
          null,
          null,
          null,
          null,
          null,
          null,
          null,
          null,
          null,
          null,
          null,
          null,
          null,
          null,
          null,
          null,
          null,
          1,
          1,
          null,
          1,
          null,
          0,
          null,
          null,
          null,
          null,
          null,
          null,
          null,
          null,
          null,
          null,
          null,
          null,
          null,
          null,
          null,
          null,
          null,
          null,
          null,
          null,
          null,
          null,
          null
        ]
      },
      "/Users/si5/webapps/unified_warehouse/app/models/stock_resource.rb": {
        "lines": [
          1,
          1,
          1,
          null,
          1,
          1,
          null,
          1,
          null,
          1,
          1,
          null,
          null,
          null,
          null,
          null,
          null,
          1,
          null,
          null,
          1,
          null,
          null
        ]
      },
      "/Users/si5/webapps/unified_warehouse/spec/models/study_spec.rb": {
        "lines": [
          1,
          null,
          1,
          1,
          2,
          2,
          null,
          null,
          null,
          null,
          2,
          null,
          null,
          null,
          null,
          null,
          2,
          4,
          null,
          null,
          2,
          null,
          null,
          null,
          null,
          null,
          1,
          1,
          null,
          27,
          null,
          null,
          null,
          null,
          null,
          null,
          null,
          null,
          null,
          null,
          null,
          null,
          null,
          null,
          null,
          null,
          null,
          null,
          null,
          null,
          null,
          null,
          null,
          null,
          null,
          null,
          null,
          null,
          null,
          null,
          null,
          null,
          null,
          null,
          null,
          null,
          null,
          null,
          null,
          1,
          null,
          null,
          1,
          1,
          null,
          27,
          null,
          null,
          null,
          null,
          null,
          null,
          null,
          null,
          1,
          null,
          null
        ]
      },
      "/Users/si5/webapps/unified_warehouse/app/models/study.rb": {
        "lines": [
          1,
          1,
          1,
          1,
          null,
          1,
          1,
          1,
          null,
          1,
          1,
          null,
          null,
          null,
          null,
          1,
          null,
          null,
          null,
          null,
          null,
          1,
          null,
          null,
          null,
          null,
          null,
          null,
          null
        ]
      },
      "/Users/si5/webapps/unified_warehouse/app/models/associated_with_roles.rb": {
        "lines": [
          null,
          null,
          null,
          1,
          1,
          1,
          1,
          null,
          1,
          1,
          1,
          1,
          null,
          2,
          1,
          1,
          1,
          null,
          null,
          null,
          1,
          39,
          null,
          null,
          1,
          1,
          226,
          null,
          1,
          null,
          1,
          32,
          null,
          1,
          null,
          1,
          388,
          null,
          null,
          1,
          194,
          null,
          194,
          null,
          28,
          44,
          null,
          null,
          null,
          null,
          194,
          null,
          1,
          null,
          null,
          1,
          1,
          null,
          1,
          1,
          null,
          null,
          1,
          1,
          1,
          null,
          1,
          null,
          389,
          null,
          null,
          null,
          null
        ]
      },
      "/Users/si5/webapps/unified_warehouse/spec/resource_tools/core_extensions_spec.rb": {
        "lines": [
          1,
          null,
          null,
          1,
          1,
          1,
          1,
          1,
          null,
          null,
          null,
          1,
          1,
          null,
          null,
          1,
          1,
          null,
          null,
          null,
          null,
          1,
          6,
          null,
          1,
          1,
          1,
          null,
          null,
          1,
          1,
          1,
          null,
          null,
          1,
          1,
          1,
          null,
          null,
          null,
          1,
          1,
          1,
          null,
          null,
          1,
          1,
          1,
          null,
          null,
          null,
          null,
          1,
          2,
          null,
          1,
          1,
          null,
          null,
          null,
          1,
          2,
          null,
          1,
          1,
          null,
          null,
          null,
          1,
          3,
          null,
          1,
          1,
          1,
          null,
          null,
          1,
          1,
          null,
          null,
          null,
          null,
          1,
          1,
          5,
          null,
          1,
          1,
          null,
          null,
          1,
          1,
          null,
          null,
          1,
          1,
          null,
          null,
          1,
          1,
          1,
          1,
          null,
          null,
          1,
          null,
          null,
          null,
          1,
          1,
          2,
          1,
          1,
          null,
          null,
          1,
          2,
          1,
          1,
          null,
          null,
          1,
          2,
          1,
          2,
          null,
          null,
          null,
          null,
          null,
          1,
          1,
          6,
          null,
          null,
          null,
          null,
          1,
          4,
          4,
          null,
          null,
          1,
          1,
          null,
          null,
          1,
          1,
          null,
          null,
          1,
          1,
          null,
          null,
          1,
          1,
          null,
          null,
          1,
          1,
          null,
          null,
          null,
          null,
          1,
          1,
          1,
          1,
          null,
          null,
          1,
          1,
          null,
          null,
          null
        ]
      },
      "/Users/si5/webapps/unified_warehouse/spec/resource_tools/json_spec.rb": {
        "lines": [
          1,
          null,
          1,
          1,
          1,
          1,
          null,
          null,
          1,
          5,
          null,
          1,
          1,
          1,
          null,
          null,
          1,
          1,
          1,
          null,
          null,
          1,
          1,
          1,
          null,
          null,
          1,
          1,
          1,
          null,
          null,
          null,
          1,
          2,
          null,
          1,
          1,
          null,
          null,
          null
        ]
      },
      "/Users/si5/webapps/unified_warehouse/spec/resource_tools_spec.rb": {
        "lines": [
          1,
          null,
          1,
          null
        ]
      }
    },
    "timestamp": 1614767712
  }
}
